10/06/2020 09:05 | BakeryScene_Buildings | 0h 1m 21s
10/06/2020 10:16 | 1_MainOffice | 0h 2m 28s
10/06/2020 10:23 | 2_FireZone | 0h 1m 24s
10/06/2020 10:29 | 2_FireZone | 0h 5m 6s
10/06/2020 10:38 | 2_FireZone | 0h 5m 19s
10/06/2020 10:45 | 2_FireZone | 0h 5m 21s
10/06/2020 11:01 | 2_FireZone | 0h 5m 27s
10/06/2020 11:07 | 2_FireZone | 0h 5m 21s
10/06/2020 11:45 | 5_TrainingTown | 0h 30m 55s
10/22/2020 12:22 | 1_MainOffice | 0h 2m 41s
10/22/2020 12:43 | BakeryScene_Buildings | 0h 5m 16s
10/22/2020 12:53 | BakeryScene_Characters | 0h 4m 20s
10/22/2020 12:57 | BakeryScene_Characters | 0h 2m 57s
10/22/2020 13:54 | BakeryScene_Vehicles | 0h 2m 36s
04/23/2021 12:49 | BakeryScene_Vehicles | 0h 3m 46s
05/25/2021 14:09 | 1_MainOffice | 0h 2m 52s
05/25/2021 14:17 | 2_FireZone | 0h 4m 10s
05/25/2021 15:03 | 5_TrainingTown | 0h 40m 50s
07/23/2021 11:44 | BakeryScene_Buildings | 0h 14m 55s
07/23/2021 11:49 | BakeryScene_Buildings | 0h 0m 53s
07/23/2021 14:02 | BakeryScene_CityGrids | 1h 40m 43s
07/23/2021 14:11 | BakeryScene_Buildings | 0h 6m 38s
07/23/2021 14:31 | BakeryScene_Vehicles | 0h 4m 18s
07/23/2021 14:39 | BakeryScene_Vehicles | 0h 3m 27s
07/23/2021 14:45 | BakeryScene_Vehicles | 0h 4m 10s
